{"/home/amit/Projects/amitaran_github_repos/docker-todo-node/app.js": {"path":"/home/amit/Projects/amitaran_github_repos/docker-todo-node/app.js","statementMap":{"0":{"start":{"line":1,"column":16},"end":{"line":1,"column":34}},"1":{"start":{"line":2,"column":19},"end":{"line":2,"column":50}},"2":{"start":{"line":3,"column":12},"end":{"line":3,"column":21}},"3":{"start":{"line":4,"column":16},"end":{"line":4,"column":52}},"4":{"start":{"line":6,"column":0},"end":{"line":6,"column":18}},"5":{"start":{"line":8,"column":0},"end":{"line":8,"column":24}},"6":{"start":{"line":10,"column":0},"end":{"line":10,"column":30}},"7":{"start":{"line":12,"column":0},"end":{"line":15,"column":3}},"8":{"start":{"line":14,"column":4},"end":{"line":14,"column":53}},"9":{"start":{"line":17,"column":0},"end":{"line":17,"column":21}}},"fnMap":{"0":{"name":"(anonymous_0)","decl":{"start":{"line":12,"column":8},"end":{"line":12,"column":9}},"loc":{"start":{"line":12,"column":35},"end":{"line":15,"column":1}},"line":12}},"branchMap":{},"s":{"0":1,"1":1,"2":1,"3":1,"4":1,"5":1,"6":1,"7":1,"8":1,"9":1},"f":{"0":1},"b":{},"_coverageSchema":"1a1c01bbd47fc00a2c39e90264f33305004495a9","hash":"31ab1ef92db6dd1d582455c0a9c64549dc1c5003"}
,"/home/amit/Projects/amitaran_github_repos/docker-todo-node/controllers/todo.controller.js": {"path":"/home/amit/Projects/amitaran_github_repos/docker-todo-node/controllers/todo.controller.js","statementMap":{"0":{"start":{"line":1,"column":18},"end":{"line":1,"column":48}},"1":{"start":{"line":3,"column":0},"end":{"line":10,"column":2}},"2":{"start":{"line":4,"column":4},"end":{"line":9,"column":5}},"3":{"start":{"line":5,"column":28},"end":{"line":5,"column":60}},"4":{"start":{"line":6,"column":8},"end":{"line":6,"column":42}},"5":{"start":{"line":8,"column":8},"end":{"line":8,"column":18}},"6":{"start":{"line":12,"column":0},"end":{"line":19,"column":2}},"7":{"start":{"line":13,"column":4},"end":{"line":18,"column":5}},"8":{"start":{"line":14,"column":25},"end":{"line":14,"column":49}},"9":{"start":{"line":15,"column":8},"end":{"line":15,"column":39}},"10":{"start":{"line":17,"column":8},"end":{"line":17,"column":18}},"11":{"start":{"line":21,"column":0},"end":{"line":32,"column":2}},"12":{"start":{"line":22,"column":4},"end":{"line":31,"column":5}},"13":{"start":{"line":23,"column":26},"end":{"line":23,"column":69}},"14":{"start":{"line":24,"column":8},"end":{"line":28,"column":9}},"15":{"start":{"line":25,"column":12},"end":{"line":25,"column":44}},"16":{"start":{"line":27,"column":12},"end":{"line":27,"column":35}},"17":{"start":{"line":30,"column":8},"end":{"line":30,"column":18}},"18":{"start":{"line":34,"column":0},"end":{"line":52,"column":2}},"19":{"start":{"line":35,"column":4},"end":{"line":51,"column":5}},"20":{"start":{"line":36,"column":28},"end":{"line":43,"column":9}},"21":{"start":{"line":44,"column":8},"end":{"line":48,"column":9}},"22":{"start":{"line":45,"column":12},"end":{"line":45,"column":46}},"23":{"start":{"line":47,"column":12},"end":{"line":47,"column":35}},"24":{"start":{"line":50,"column":8},"end":{"line":50,"column":18}},"25":{"start":{"line":54,"column":0},"end":{"line":66,"column":2}},"26":{"start":{"line":55,"column":4},"end":{"line":65,"column":5}},"27":{"start":{"line":56,"column":28},"end":{"line":56,"column":80}},"28":{"start":{"line":58,"column":8},"end":{"line":62,"column":9}},"29":{"start":{"line":59,"column":12},"end":{"line":59,"column":46}},"30":{"start":{"line":61,"column":12},"end":{"line":61,"column":35}},"31":{"start":{"line":64,"column":8},"end":{"line":64,"column":18}}},"fnMap":{"0":{"name":"(anonymous_0)","decl":{"start":{"line":3,"column":21},"end":{"line":3,"column":22}},"loc":{"start":{"line":3,"column":47},"end":{"line":10,"column":1}},"line":3},"1":{"name":"(anonymous_1)","decl":{"start":{"line":12,"column":19},"end":{"line":12,"column":20}},"loc":{"start":{"line":12,"column":45},"end":{"line":19,"column":1}},"line":12},"2":{"name":"(anonymous_2)","decl":{"start":{"line":21,"column":22},"end":{"line":21,"column":23}},"loc":{"start":{"line":21,"column":48},"end":{"line":32,"column":1}},"line":21},"3":{"name":"(anonymous_3)","decl":{"start":{"line":34,"column":21},"end":{"line":34,"column":22}},"loc":{"start":{"line":34,"column":47},"end":{"line":52,"column":1}},"line":34},"4":{"name":"(anonymous_4)","decl":{"start":{"line":54,"column":21},"end":{"line":54,"column":22}},"loc":{"start":{"line":54,"column":47},"end":{"line":66,"column":1}},"line":54}},"branchMap":{"0":{"loc":{"start":{"line":24,"column":8},"end":{"line":28,"column":9}},"type":"if","locations":[{"start":{"line":24,"column":8},"end":{"line":28,"column":9}},{"start":{"line":24,"column":8},"end":{"line":28,"column":9}}],"line":24},"1":{"loc":{"start":{"line":44,"column":8},"end":{"line":48,"column":9}},"type":"if","locations":[{"start":{"line":44,"column":8},"end":{"line":48,"column":9}},{"start":{"line":44,"column":8},"end":{"line":48,"column":9}}],"line":44},"2":{"loc":{"start":{"line":58,"column":8},"end":{"line":62,"column":9}},"type":"if","locations":[{"start":{"line":58,"column":8},"end":{"line":62,"column":9}},{"start":{"line":58,"column":8},"end":{"line":62,"column":9}}],"line":58}},"s":{"0":2,"1":2,"2":6,"3":6,"4":4,"5":2,"6":2,"7":4,"8":4,"9":3,"10":1,"11":2,"12":5,"13":5,"14":4,"15":2,"16":2,"17":1,"18":2,"19":6,"20":6,"21":5,"22":2,"23":3,"24":1,"25":2,"26":6,"27":6,"28":5,"29":2,"30":3,"31":1},"f":{"0":6,"1":4,"2":5,"3":6,"4":6},"b":{"0":[2,2],"1":[2,3],"2":[2,3]},"_coverageSchema":"1a1c01bbd47fc00a2c39e90264f33305004495a9","hash":"df30583f160899320057e0a5408a0fa31e292448"}
,"/home/amit/Projects/amitaran_github_repos/docker-todo-node/model/todo.model.js": {"path":"/home/amit/Projects/amitaran_github_repos/docker-todo-node/model/todo.model.js","statementMap":{"0":{"start":{"line":1,"column":17},"end":{"line":1,"column":36}},"1":{"start":{"line":3,"column":19},"end":{"line":12,"column":2}},"2":{"start":{"line":14,"column":18},"end":{"line":14,"column":52}},"3":{"start":{"line":16,"column":0},"end":{"line":16,"column":27}}},"fnMap":{},"branchMap":{},"s":{"0":2,"1":2,"2":2,"3":2},"f":{},"b":{},"_coverageSchema":"1a1c01bbd47fc00a2c39e90264f33305004495a9","hash":"3790691cb197378ceda6e588a00bfdce572021ec"}
,"/home/amit/Projects/amitaran_github_repos/docker-todo-node/mongodb/mongodb.connect.js": {"path":"/home/amit/Projects/amitaran_github_repos/docker-todo-node/mongodb/mongodb.connect.js","statementMap":{"0":{"start":{"line":1,"column":17},"end":{"line":1,"column":36}},"1":{"start":{"line":4,"column":4},"end":{"line":16,"column":5}},"2":{"start":{"line":5,"column":8},"end":{"line":11,"column":10}},"3":{"start":{"line":14,"column":8},"end":{"line":14,"column":59}},"4":{"start":{"line":15,"column":8},"end":{"line":15,"column":25}},"5":{"start":{"line":20,"column":0},"end":{"line":20,"column":29}}},"fnMap":{"0":{"name":"connect","decl":{"start":{"line":3,"column":15},"end":{"line":3,"column":22}},"loc":{"start":{"line":3,"column":24},"end":{"line":17,"column":1}},"line":3}},"branchMap":{},"s":{"0":1,"1":1,"2":1,"3":0,"4":0,"5":1},"f":{"0":1},"b":{},"_coverageSchema":"1a1c01bbd47fc00a2c39e90264f33305004495a9","hash":"bed080de502a817165eb81639a7c4f5e4d1afbed"}
,"/home/amit/Projects/amitaran_github_repos/docker-todo-node/routes/todo.routes.js": {"path":"/home/amit/Projects/amitaran_github_repos/docker-todo-node/routes/todo.routes.js","statementMap":{"0":{"start":{"line":1,"column":16},"end":{"line":1,"column":34}},"1":{"start":{"line":2,"column":23},"end":{"line":2,"column":64}},"2":{"start":{"line":3,"column":15},"end":{"line":3,"column":31}},"3":{"start":{"line":5,"column":0},"end":{"line":5,"column":44}},"4":{"start":{"line":6,"column":0},"end":{"line":6,"column":41}},"5":{"start":{"line":7,"column":0},"end":{"line":7,"column":51}},"6":{"start":{"line":8,"column":0},"end":{"line":8,"column":50}},"7":{"start":{"line":9,"column":0},"end":{"line":9,"column":53}},"8":{"start":{"line":11,"column":0},"end":{"line":11,"column":24}}},"fnMap":{},"branchMap":{},"s":{"0":1,"1":1,"2":1,"3":1,"4":1,"5":1,"6":1,"7":1,"8":1},"f":{},"b":{},"_coverageSchema":"1a1c01bbd47fc00a2c39e90264f33305004495a9","hash":"e6598de06b671b460e702694103eec1569bc3a7b"}
}
