TN:
SF:app.js
FN:12,(anonymous_0)
FNF:1
FNH:1
FNDA:1,(anonymous_0)
DA:1,1
DA:2,1
DA:3,1
DA:4,1
DA:6,1
DA:8,1
DA:10,1
DA:12,1
DA:14,1
DA:17,1
LF:10
LH:10
BRF:0
BRH:0
end_of_record
TN:
SF:controllers/todo.controller.js
FN:3,(anonymous_0)
FN:12,(anonymous_1)
FN:21,(anonymous_2)
FN:34,(anonymous_3)
FN:54,(anonymous_4)
FNF:5
FNH:5
FNDA:6,(anonymous_0)
FNDA:4,(anonymous_1)
FNDA:5,(anonymous_2)
FNDA:6,(anonymous_3)
FNDA:6,(anonymous_4)
DA:1,2
DA:3,2
DA:4,6
DA:5,6
DA:6,4
DA:8,2
DA:12,2
DA:13,4
DA:14,4
DA:15,3
DA:17,1
DA:21,2
DA:22,5
DA:23,5
DA:24,4
DA:25,2
DA:27,2
DA:30,1
DA:34,2
DA:35,6
DA:36,6
DA:44,5
DA:45,2
DA:47,3
DA:50,1
DA:54,2
DA:55,6
DA:56,6
DA:58,5
DA:59,2
DA:61,3
DA:64,1
LF:32
LH:32
BRDA:24,0,0,2
BRDA:24,0,1,2
BRDA:44,1,0,2
BRDA:44,1,1,3
BRDA:58,2,0,2
BRDA:58,2,1,3
BRF:6
BRH:6
end_of_record
TN:
SF:model/todo.model.js
FNF:0
FNH:0
DA:1,2
DA:3,2
DA:14,2
DA:16,2
LF:4
LH:4
BRF:0
BRH:0
end_of_record
TN:
SF:mongodb/mongodb.connect.js
FN:3,connect
FNF:1
FNH:1
FNDA:1,connect
DA:1,1
DA:4,1
DA:5,1
DA:14,0
DA:15,0
DA:20,1
LF:6
LH:4
BRF:0
BRH:0
end_of_record
TN:
SF:routes/todo.routes.js
FNF:0
FNH:0
DA:1,1
DA:2,1
DA:3,1
DA:5,1
DA:6,1
DA:7,1
DA:8,1
DA:9,1
DA:11,1
LF:9
LH:9
BRF:0
BRH:0
end_of_record
